<?xml version="1.0" encoding="UTF-8"?>
<testsuite name="io.github.bbortt.event.planner.apps.projects.ProjectsServiceApplicationIntegrationTest" tests="1" skipped="0" failures="0" errors="0" timestamp="2022-10-08T17:39:35" hostname="debian" time="0.274">
  <properties/>
  <testcase name="contextLoads()" classname="io.github.bbortt.event.planner.apps.projects.ProjectsServiceApplicationIntegrationTest" time="0.274"/>
  <system-out><![CDATA[19:39:25.713 [Test worker] INFO io.github.bbortt.event.planner.apps.projects.config.TestJWSBuilderConfiguration - Initial WireMock start - init keys!
19:39:26.766 [Test worker] DEBUG wiremock.org.eclipse.jetty.util.log - Logging to Logger[wiremock.org.eclipse.jetty.util.log] via wiremock.org.eclipse.jetty.util.log.Slf4jLog
19:39:26.774 [Test worker] INFO wiremock.org.eclipse.jetty.util.log - Logging initialized @2193ms to wiremock.org.eclipse.jetty.util.log.Slf4jLog
19:39:26.784 [Test worker] DEBUG wiremock.org.eclipse.jetty.util.component.ContainerLifeCycle - QueuedThreadPool[qtp931940545]@378c48c1{STOPPED,8<=0<=25,i=0,r=-1,q=0}[NO_TRY] added {wiremock.org.eclipse.jetty.util.thread.ThreadPoolBudget@6081f330,POJO}
19:39:26.792 [Test worker] DEBUG wiremock.org.eclipse.jetty.util.component.ContainerLifeCycle - Server@4067634b{STOPPED}[9.4.43.v20210629] added {QueuedThreadPool[qtp931940545]@378c48c1{STOPPED,8<=0<=25,i=0,r=-1,q=0}[NO_TRY],AUTO}
19:39:26.830 [Test worker] DEBUG wiremock.org.eclipse.jetty.util.component.ContainerLifeCycle - HTTP2CServerConnectionFactory@21ab919c[h2c] added {HTTP2SessionContainer@5edd9b4f[size=0],POJO}
19:39:26.831 [Test worker] DEBUG wiremock.org.eclipse.jetty.util.component.ContainerLifeCycle - HTTP2CServerConnectionFactory@21ab919c[h2c] added {HttpConfiguration@5db90818{32768/8192,8192/8192,https://:0,[SecureRequestCustomizer@3c17794e]},POJO}
19:39:26.839 [Test worker] DEBUG wiremock.org.eclipse.jetty.util.component.ContainerLifeCycle - HttpConnectionFactory@8dbf0f2[HTTP/1.1] added {HttpConfiguration@5db90818{32768/8192,8192/8192,https://:0,[SecureRequestCustomizer@3c17794e]},POJO}
19:39:26.854 [Test worker] DEBUG wiremock.org.eclipse.jetty.util.component.ContainerLifeCycle - NetworkTrafficServerConnector@6705b763{null, ()}{0.0.0.0:0} added {Server@4067634b{STOPPED}[9.4.43.v20210629],UNMANAGED}
19:39:26.854 [Test worker] DEBUG wiremock.org.eclipse.jetty.util.component.ContainerLifeCycle - NetworkTrafficServerConnector@6705b763{null, ()}{0.0.0.0:0} added {QueuedThreadPool[qtp931940545]@378c48c1{STOPPED,8<=0<=25,i=0,r=-1,q=0}[NO_TRY],AUTO}
19:39:26.855 [Test worker] DEBUG wiremock.org.eclipse.jetty.util.component.ContainerLifeCycle - NetworkTrafficServerConnector@6705b763{null, ()}{0.0.0.0:0} added {ScheduledExecutorScheduler@64e89bb2{STOPPED},AUTO}
19:39:26.855 [Test worker] DEBUG wiremock.org.eclipse.jetty.util.component.ContainerLifeCycle - NetworkTrafficServerConnector@6705b763{null, ()}{0.0.0.0:0} added {wiremock.org.eclipse.jetty.io.ArrayByteBufferPool@15fe020d,POJO}
19:39:26.855 [Test worker] DEBUG wiremock.org.eclipse.jetty.util.component.ContainerLifeCycle - NetworkTrafficServerConnector@6705b763{null, (http/1.1)}{0.0.0.0:0} added {HttpConnectionFactory@8dbf0f2[HTTP/1.1],AUTO}
19:39:26.856 [Test worker] DEBUG wiremock.org.eclipse.jetty.server.AbstractConnector - NetworkTrafficServerConnector@6705b763{HTTP/1.1, (http/1.1)}{0.0.0.0:0} added HttpConnectionFactory@8dbf0f2[HTTP/1.1]
19:39:26.856 [Test worker] DEBUG wiremock.org.eclipse.jetty.util.component.ContainerLifeCycle - NetworkTrafficServerConnector@6705b763{HTTP/1.1, (http/1.1, h2c)}{0.0.0.0:0} added {HTTP2CServerConnectionFactory@21ab919c[h2c],AUTO}
19:39:26.856 [Test worker] DEBUG wiremock.org.eclipse.jetty.server.AbstractConnector - NetworkTrafficServerConnector@6705b763{HTTP/1.1, (http/1.1, h2c)}{0.0.0.0:0} added HTTP2CServerConnectionFactory@21ab919c[h2c]
19:39:26.860 [Test worker] DEBUG wiremock.org.eclipse.jetty.util.component.ContainerLifeCycle - NetworkTrafficServerConnector@6705b763{HTTP/1.1, (http/1.1, h2c)}{0.0.0.0:0} added {SelectorManager@NetworkTrafficServerConnector@6705b763{HTTP/1.1, (http/1.1, h2c)}{0.0.0.0:0},MANAGED}
19:39:26.861 [Test worker] DEBUG wiremock.org.eclipse.jetty.util.component.ContainerLifeCycle - Server@4067634b{STOPPED}[9.4.43.v20210629] added {NetworkTrafficServerConnector@6705b763{HTTP/1.1, (http/1.1, h2c)}{0.0.0.0:0},AUTO}
19:39:26.890 [Test worker] DEBUG wiremock.org.eclipse.jetty.util.component.ContainerLifeCycle - Server@4067634b{STOPPED}[9.4.43.v20210629] added {w.o.e.j.s.ServletContextHandler@6a7fc4c1{/__admin,null,STOPPED},MANAGED}
19:39:26.896 [Test worker] DEBUG wiremock.org.eclipse.jetty.util.DecoratedObjectFactory - Adding Decorator: wiremock.org.eclipse.jetty.util.DeprecationWarning@ebff59d
19:39:26.904 [Test worker] DEBUG wiremock.org.eclipse.jetty.util.component.ContainerLifeCycle - w.o.e.j.s.ServletContextHandler@6a7fc4c1{/__admin,null,STOPPED} added {ServletHandler@68f264bf{STOPPED},MANAGED}
19:39:26.913 [Test worker] DEBUG wiremock.org.eclipse.jetty.util.component.ContainerLifeCycle - ServletHandler@68f264bf{STOPPED} added {wiremock.org.eclipse.jetty.servlet.DefaultServlet-52dd1be2==wiremock.org.eclipse.jetty.servlet.DefaultServlet@87f925b{jsp=null,order=-1,inst=false,async=true,src=EMBEDDED:null,STOPPED},AUTO}
19:39:26.915 [Test worker] DEBUG wiremock.org.eclipse.jetty.util.component.ContainerLifeCycle - ServletHandler@68f264bf{STOPPED} added {[/swagger-ui/*]=>wiremock.org.eclipse.jetty.servlet.DefaultServlet-52dd1be2,POJO}
19:39:26.915 [Test worker] DEBUG wiremock.org.eclipse.jetty.util.component.ContainerLifeCycle - ServletHandler@68f264bf{STOPPED} added {wiremock.org.eclipse.jetty.servlet.DefaultServlet-5e72c82a==wiremock.org.eclipse.jetty.servlet.DefaultServlet@42e8cc0f{jsp=null,order=-1,inst=false,async=true,src=EMBEDDED:null,STOPPED},AUTO}
19:39:26.916 [Test worker] DEBUG wiremock.org.eclipse.jetty.util.component.ContainerLifeCycle - ServletHandler@68f264bf{STOPPED} added {[/recorder/*]=>wiremock.org.eclipse.jetty.servlet.DefaultServlet-5e72c82a,POJO}
19:39:26.918 [Test worker] DEBUG wiremock.org.eclipse.jetty.util.component.ContainerLifeCycle - ServletHandler@68f264bf{STOPPED} added {com.github.tomakehurst.wiremock.servlet.WireMockHandlerDispatchingServlet-bf18412==com.github.tomakehurst.wiremock.servlet.WireMockHandlerDispatchingServlet@a9b6d47c{jsp=null,order=-1,inst=false,async=true,src=EMBEDDED:null,STOPPED},AUTO}
19:39:26.918 [Test worker] DEBUG wiremock.org.eclipse.jetty.util.component.ContainerLifeCycle - ServletHandler@68f264bf{STOPPED} added {[/]=>com.github.tomakehurst.wiremock.servlet.WireMockHandlerDispatchingServlet-bf18412,POJO}
19:39:26.923 [Test worker] DEBUG wiremock.org.eclipse.jetty.util.component.ContainerLifeCycle - ServletHandler@68f264bf{STOPPED} added {wiremock.org.eclipse.jetty.servlets.CrossOriginFilter-558aa1f1==wiremock.org.eclipse.jetty.servlets.CrossOriginFilter@558aa1f1{inst=false,async=true,src=EMBEDDED:null},AUTO}
19:39:26.931 [Test worker] DEBUG wiremock.org.eclipse.jetty.util.component.ContainerLifeCycle - ServletHandler@68f264bf{STOPPED} added {[/*]/[]/[REQUEST]=>wiremock.org.eclipse.jetty.servlets.CrossOriginFilter-558aa1f1,POJO}
19:39:26.932 [Test worker] DEBUG wiremock.org.eclipse.jetty.util.component.ContainerLifeCycle - Server@4067634b{STOPPED}[9.4.43.v20210629] added {w.o.e.j.s.ServletContextHandler@452e2210{/,null,STOPPED},MANAGED}
19:39:26.933 [Test worker] DEBUG wiremock.org.eclipse.jetty.util.DecoratedObjectFactory - Adding Decorator: wiremock.org.eclipse.jetty.util.DeprecationWarning@18c0f025
19:39:26.933 [Test worker] DEBUG wiremock.org.eclipse.jetty.util.component.ContainerLifeCycle - w.o.e.j.s.ServletContextHandler@452e2210{/,null,STOPPED} added {ServletHandler@684f7f1c{STOPPED},MANAGED}
19:39:26.933 [Test worker] DEBUG wiremock.org.eclipse.jetty.util.component.ContainerLifeCycle - ServletHandler@684f7f1c{STOPPED} added {wiremock.org.eclipse.jetty.servlet.DefaultServlet-6a013bdd==wiremock.org.eclipse.jetty.servlet.DefaultServlet@cb1bd9fb{jsp=null,order=-1,inst=false,async=true,src=EMBEDDED:null,STOPPED},AUTO}
19:39:26.933 [Test worker] DEBUG wiremock.org.eclipse.jetty.util.component.ContainerLifeCycle - ServletHandler@684f7f1c{STOPPED} added {[/__files/*]=>wiremock.org.eclipse.jetty.servlet.DefaultServlet-6a013bdd,POJO}
19:39:26.935 [Test worker] DEBUG wiremock.org.eclipse.jetty.util.component.ContainerLifeCycle - ServletHandler@684f7f1c{STOPPED} added {com.github.tomakehurst.wiremock.servlet.WireMockHandlerDispatchingServlet-8dedec8==com.github.tomakehurst.wiremock.servlet.WireMockHandlerDispatchingServlet@fb78ef21{jsp=null,order=-1,inst=false,async=true,src=EMBEDDED:null,STOPPED},AUTO}
19:39:26.935 [Test worker] DEBUG wiremock.org.eclipse.jetty.util.component.ContainerLifeCycle - ServletHandler@684f7f1c{STOPPED} added {[/]=>com.github.tomakehurst.wiremock.servlet.WireMockHandlerDispatchingServlet-8dedec8,POJO}
19:39:26.942 [Test worker] DEBUG wiremock.org.eclipse.jetty.http.PreEncodedHttpField - HttpField encoders loaded: [wiremock.org.eclipse.jetty.http2.hpack.HpackFieldPreEncoder@39a9becc, wiremock.org.eclipse.jetty.http.Http1FieldPreEncoder@177302d6]
19:39:26.977 [Test worker] DEBUG wiremock.org.eclipse.jetty.util.component.ContainerLifeCycle - w.o.e.j.s.ServletContextHandler@452e2210{/,null,STOPPED} added {NotFoundHandler@361483eb{STOPPED},MANAGED}
19:39:26.978 [Test worker] DEBUG wiremock.org.eclipse.jetty.util.component.ContainerLifeCycle - ServletHandler@684f7f1c{STOPPED} added {com.github.tomakehurst.wiremock.servlet.ContentTypeSettingFilter-724c26e0==com.github.tomakehurst.wiremock.servlet.ContentTypeSettingFilter@724c26e0{inst=false,async=true,src=EMBEDDED:null},AUTO}
19:39:26.978 [Test worker] DEBUG wiremock.org.eclipse.jetty.util.component.ContainerLifeCycle - ServletHandler@684f7f1c{STOPPED} added {[/__files/*]/[]/[FORWARD]=>com.github.tomakehurst.wiremock.servlet.ContentTypeSettingFilter-724c26e0,POJO}
19:39:26.979 [Test worker] DEBUG wiremock.org.eclipse.jetty.util.component.ContainerLifeCycle - ServletHandler@684f7f1c{STOPPED} added {com.github.tomakehurst.wiremock.servlet.TrailingSlashFilter-20e41f13==com.github.tomakehurst.wiremock.servlet.TrailingSlashFilter@20e41f13{inst=false,async=true,src=EMBEDDED:null},AUTO}
19:39:26.980 [Test worker] DEBUG wiremock.org.eclipse.jetty.util.component.ContainerLifeCycle - ServletHandler@684f7f1c{STOPPED} added {[/__files/*]/[]/[ASYNC, INCLUDE, ERROR, FORWARD, REQUEST]=>com.github.tomakehurst.wiremock.servlet.TrailingSlashFilter-20e41f13,POJO}
19:39:26.992 [Test worker] DEBUG wiremock.org.eclipse.jetty.util.component.ContainerLifeCycle - HandlerCollection@2f82e3cf{STOPPED} added {w.o.e.j.s.ServletContextHandler@6a7fc4c1{/__admin,null,STOPPED},AUTO}
19:39:27.002 [Test worker] DEBUG wiremock.org.eclipse.jetty.http.pathmap.PathMappings - Added MappedResource[pathSpec=ServletPathSpec@4a69d1f9{*.svgz},resource=true] to PathMappings[size=1]
19:39:27.003 [Test worker] DEBUG wiremock.org.eclipse.jetty.server.handler.gzip.GzipHandler - GzipHandler@7b6b466a{STOPPED,min=32,inflate=-1} mime types IncludeExclude@6686507b{i=[],ip=CONTAINS,e=[image/ief, image/vnd.wap.wbmp, image/jpeg, application/bzip2, image/x-portable-graymap, application/brotli, image/bmp, image/gif, image/x-icon, audio/midi, video/x-msvideo, image/x-xbitmap, application/x-rar-compressed, image/x-portable-bitmap, image/x-rgb, image/x-cmu-raster, application/gzip, audio/x-wav, audio/x-pn-realaudio, audio/basic, application/compress, audio/x-aiff, video/x.ms.asx, video/x.ms.asf, image/png, video/vnd.rn-realvideo, image/x-xwindowdump, image/jpeg2000, video/x-sgi-movie, audio/mpeg, image/xcf, video/mpeg, image/x-portable-pixmap, image/tiff, image/x-portable-anymap, image/x-xpixmap, application/zip, video/quicktime, application/x-xz, video/mp4],ep=CONTAINS}
19:39:27.010 [Test worker] DEBUG wiremock.org.eclipse.jetty.util.component.ContainerLifeCycle - GzipHandler@7b6b466a{STOPPED,min=32,inflate=-1} added {w.o.e.j.s.ServletContextHandler@452e2210{/,null,STOPPED},MANAGED}
19:39:27.011 [Test worker] DEBUG wiremock.org.eclipse.jetty.util.component.ContainerLifeCycle - HandlerCollection@2f82e3cf{STOPPED} added {GzipHandler@7b6b466a{STOPPED,min=32,inflate=-1},AUTO}
19:39:27.011 [Test worker] DEBUG wiremock.org.eclipse.jetty.util.component.ContainerLifeCycle - Server@4067634b{STOPPED}[9.4.43.v20210629] added {HandlerCollection@2f82e3cf{STOPPED},MANAGED}
19:39:27.230 [Test worker] INFO io.github.bbortt.event.planner.apps.projects.config.TestJWSBuilderConfiguration - Starting WireMock
19:39:27.230 [Test worker] DEBUG wiremock.org.eclipse.jetty.util.component.AbstractLifeCycle - starting Server@4067634b{STOPPED}[9.4.43.v20210629]
19:39:27.231 [Test worker] DEBUG wiremock.org.eclipse.jetty.util.component.ContainerLifeCycle - Server@4067634b{STARTING}[9.4.43.v20210629] added {ErrorHandler@69f24965{STOPPED},AUTO}
19:39:27.233 [Test worker] INFO wiremock.org.eclipse.jetty.server.Server - jetty-9.4.43.v20210629; built: 2021-06-30T11:07:22.254Z; git: 526006ecfa3af7f1a27ef3a288e2bef7ea9dd7e8; jvm 17+35-2724
19:39:27.246 [Test worker] DEBUG wiremock.org.eclipse.jetty.server.handler.AbstractHandler - starting Server@4067634b{STARTING}[9.4.43.v20210629]
19:39:27.247 [Test worker] DEBUG wiremock.org.eclipse.jetty.util.component.AbstractLifeCycle - starting QueuedThreadPool[qtp931940545]@378c48c1{STOPPED,8<=0<=25,i=0,r=-1,q=0}[NO_TRY]
19:39:27.248 [Test worker] DEBUG wiremock.org.eclipse.jetty.util.thread.ReservedThreadExecutor - ReservedThreadExecutor@3bf41cd0{s=0/2,p=0}
19:39:27.248 [Test worker] DEBUG wiremock.org.eclipse.jetty.util.component.ContainerLifeCycle - QueuedThreadPool[qtp931940545]@378c48c1{STARTING,8<=0<=25,i=0,r=-1,q=0}[ReservedThreadExecutor@3bf41cd0{s=0/2,p=0}] added {ReservedThreadExecutor@3bf41cd0{s=0/2,p=0},AUTO}
19:39:27.249 [Test worker] DEBUG wiremock.org.eclipse.jetty.util.component.AbstractLifeCycle - starting ReservedThreadExecutor@3bf41cd0{s=0/2,p=0}
19:39:27.251 [Test worker] DEBUG wiremock.org.eclipse.jetty.util.component.AbstractLifeCycle - STARTED @2670ms ReservedThreadExecutor@3bf41cd0{s=0/2,p=0}
19:39:27.252 [Test worker] DEBUG wiremock.org.eclipse.jetty.util.thread.QueuedThreadPool - Starting Thread[qtp931940545-19,5,main]
19:39:27.253 [Test worker] DEBUG wiremock.org.eclipse.jetty.util.thread.QueuedThreadPool - Starting Thread[qtp931940545-20,5,main]
19:39:27.253 [qtp931940545-19] DEBUG wiremock.org.eclipse.jetty.util.thread.QueuedThreadPool - Runner started for QueuedThreadPool[qtp931940545]@378c48c1{STARTING,8<=2<=25,i=2,r=-1,q=0}[ReservedThreadExecutor@3bf41cd0{s=0/2,p=0}]
19:39:27.253 [Test worker] DEBUG wiremock.org.eclipse.jetty.util.thread.QueuedThreadPool - Starting Thread[qtp931940545-21,5,main]
19:39:27.253 [Test worker] DEBUG wiremock.org.eclipse.jetty.util.thread.QueuedThreadPool - Starting Thread[qtp931940545-22,5,main]
19:39:27.253 [qtp931940545-21] DEBUG wiremock.org.eclipse.jetty.util.thread.QueuedThreadPool - Runner started for QueuedThreadPool[qtp931940545]@378c48c1{STARTING,8<=4<=25,i=4,r=-1,q=0}[ReservedThreadExecutor@3bf41cd0{s=0/2,p=0}]
19:39:27.254 [qtp931940545-20] DEBUG wiremock.org.eclipse.jetty.util.thread.QueuedThreadPool - Runner started for QueuedThreadPool[qtp931940545]@378c48c1{STARTING,8<=3<=25,i=3,r=-1,q=0}[ReservedThreadExecutor@3bf41cd0{s=0/2,p=0}]
19:39:27.254 [Test worker] DEBUG wiremock.org.eclipse.jetty.util.thread.QueuedThreadPool - Starting Thread[qtp931940545-23,5,main]
19:39:27.254 [qtp931940545-22] DEBUG wiremock.org.eclipse.jetty.util.thread.QueuedThreadPool - Runner started for QueuedThreadPool[qtp931940545]@378c48c1{STARTING,8<=5<=25,i=5,r=-1,q=0}[ReservedThreadExecutor@3bf41cd0{s=0/2,p=0}]
19:39:27.254 [Test worker] DEBUG wiremock.org.eclipse.jetty.util.thread.QueuedThreadPool - Starting Thread[qtp931940545-24,5,main]
19:39:27.255 [qtp931940545-23] DEBUG wiremock.org.eclipse.jetty.util.thread.QueuedThreadPool - Runner started for QueuedThreadPool[qtp931940545]@378c48c1{STARTING,8<=6<=25,i=6,r=-1,q=0}[ReservedThreadExecutor@3bf41cd0{s=0/2,p=0}]
19:39:27.256 [Test worker] DEBUG wiremock.org.eclipse.jetty.util.thread.QueuedThreadPool - Starting Thread[qtp931940545-25,5,main]
19:39:27.256 [qtp931940545-24] DEBUG wiremock.org.eclipse.jetty.util.thread.QueuedThreadPool - Runner started for QueuedThreadPool[qtp931940545]@378c48c1{STARTING,8<=7<=25,i=7,r=-1,q=0}[ReservedThreadExecutor@3bf41cd0{s=0/2,p=0}]
19:39:27.257 [Test worker] DEBUG wiremock.org.eclipse.jetty.util.thread.QueuedThreadPool - Starting Thread[qtp931940545-26,5,main]
19:39:27.257 [qtp931940545-25] DEBUG wiremock.org.eclipse.jetty.util.thread.QueuedThreadPool - Runner started for QueuedThreadPool[qtp931940545]@378c48c1{STARTING,8<=8<=25,i=8,r=-1,q=0}[ReservedThreadExecutor@3bf41cd0{s=0/2,p=0}]
19:39:27.258 [qtp931940545-26] DEBUG wiremock.org.eclipse.jetty.util.thread.QueuedThreadPool - Runner started for QueuedThreadPool[qtp931940545]@378c48c1{STARTED,8<=8<=25,i=8,r=-1,q=0}[ReservedThreadExecutor@3bf41cd0{s=0/2,p=0}]
19:39:27.258 [Test worker] DEBUG wiremock.org.eclipse.jetty.util.component.AbstractLifeCycle - STARTED @2677ms QueuedThreadPool[qtp931940545]@378c48c1{STARTED,8<=8<=25,i=8,r=-1,q=0}[ReservedThreadExecutor@3bf41cd0{s=0/2,p=0}]
19:39:27.259 [Test worker] DEBUG wiremock.org.eclipse.jetty.util.component.AbstractLifeCycle - starting HandlerCollection@2f82e3cf{STOPPED}
19:39:27.259 [Test worker] DEBUG wiremock.org.eclipse.jetty.server.handler.AbstractHandler - starting HandlerCollection@2f82e3cf{STARTING}
19:39:27.259 [Test worker] DEBUG wiremock.org.eclipse.jetty.util.component.AbstractLifeCycle - starting w.o.e.j.s.ServletContextHandler@6a7fc4c1{/__admin,null,STOPPED}
19:39:27.260 [Test worker] DEBUG wiremock.org.eclipse.jetty.server.handler.AbstractHandler - starting w.o.e.j.s.ServletContextHandler@6a7fc4c1{/__admin,null,STARTING}
19:39:27.260 [Test worker] DEBUG wiremock.org.eclipse.jetty.util.component.AbstractLifeCycle - starting ServletHandler@68f264bf{STOPPED}
19:39:27.263 [Test worker] DEBUG wiremock.org.eclipse.jetty.servlet.ServletHandler - Path=/recorder/*[EMBEDDED:null] mapped to servlet=wiremock.org.eclipse.jetty.servlet.DefaultServlet-5e72c82a[EMBEDDED:null]
19:39:27.263 [Test worker] DEBUG wiremock.org.eclipse.jetty.http.pathmap.PathMappings - Added MappedResource[pathSpec=ServletPathSpec@81d248a7{/recorder/*},resource=wiremock.org.eclipse.jetty.servlet.DefaultServlet-5e72c82a==wiremock.org.eclipse.jetty.servlet.DefaultServlet@42e8cc0f{jsp=null,order=-1,inst=false,async=true,src=EMBEDDED:null,STOPPED}] to PathMappings[size=1]
19:39:27.263 [Test worker] DEBUG wiremock.org.eclipse.jetty.servlet.ServletHandler - Path=/[EMBEDDED:null] mapped to servlet=com.github.tomakehurst.wiremock.servlet.WireMockHandlerDispatchingServlet-bf18412[EMBEDDED:null]
19:39:27.264 [Test worker] DEBUG wiremock.org.eclipse.jetty.http.pathmap.PathMappings - Added MappedResource[pathSpec=ServletPathSpec@4e{/},resource=com.github.tomakehurst.wiremock.servlet.WireMockHandlerDispatchingServlet-bf18412==com.github.tomakehurst.wiremock.servlet.WireMockHandlerDispatchingServlet@a9b6d47c{jsp=null,order=-1,inst=false,async=true,src=EMBEDDED:null,STOPPED}] to PathMappings[size=2]
19:39:27.264 [Test worker] DEBUG wiremock.org.eclipse.jetty.servlet.ServletHandler - Path=/swagger-ui/*[EMBEDDED:null] mapped to servlet=wiremock.org.eclipse.jetty.servlet.DefaultServlet-52dd1be2[EMBEDDED:null]
19:39:27.264 [Test worker] DEBUG wiremock.org.eclipse.jetty.http.pathmap.PathMappings - Added MappedResource[pathSpec=ServletPathSpec@1c2edfa0{/swagger-ui/*},resource=wiremock.org.eclipse.jetty.servlet.DefaultServlet-52dd1be2==wiremock.org.eclipse.jetty.servlet.DefaultServlet@87f925b{jsp=null,order=-1,inst=false,async=false,src=EMBEDDED:null,STOPPED}] to PathMappings[size=3]
19:39:27.264 [Test worker] DEBUG wiremock.org.eclipse.jetty.servlet.ServletHandler - filterNameMap={wiremock.org.eclipse.jetty.servlets.CrossOriginFilter-558aa1f1=wiremock.org.eclipse.jetty.servlets.CrossOriginFilter-558aa1f1==wiremock.org.eclipse.jetty.servlets.CrossOriginFilter@558aa1f1{inst=false,async=true,src=EMBEDDED:null}}
19:39:27.265 [Test worker] DEBUG wiremock.org.eclipse.jetty.servlet.ServletHandler - pathFilters=[[/*]/[]/[REQUEST]=>wiremock.org.eclipse.jetty.servlets.CrossOriginFilter-558aa1f1]
19:39:27.265 [Test worker] DEBUG wiremock.org.eclipse.jetty.servlet.ServletHandler - servletFilterMap={}
19:39:27.265 [Test worker] DEBUG wiremock.org.eclipse.jetty.servlet.ServletHandler - servletPathMap=PathMappings[size=3]
19:39:27.265 [Test worker] DEBUG wiremock.org.eclipse.jetty.servlet.ServletHandler - servletNameMap={wiremock.org.eclipse.jetty.servlet.DefaultServlet-52dd1be2=wiremock.org.eclipse.jetty.servlet.DefaultServlet-52dd1be2==wiremock.org.eclipse.jetty.servlet.DefaultServlet@87f925b{jsp=null,order=-1,inst=false,async=false,src=EMBEDDED:null,STOPPED}, wiremock.org.eclipse.jetty.servlet.DefaultServlet-5e72c82a=wiremock.org.eclipse.jetty.servlet.DefaultServlet-5e72c82a==wiremock.org.eclipse.jetty.servlet.DefaultServlet@42e8cc0f{jsp=null,order=-1,inst=false,async=true,src=EMBEDDED:null,STOPPED}, com.github.tomakehurst.wiremock.servlet.WireMockHandlerDispatchingServlet-bf18412=com.github.tomakehurst.wiremock.servlet.WireMockHandlerDispatchingServlet-bf18412==com.github.tomakehurst.wiremock.servlet.WireMockHandlerDispatchingServlet@a9b6d47c{jsp=null,order=-1,inst=false,async=true,src=EMBEDDED:null,STOPPED}}
19:39:27.265 [Test worker] DEBUG wiremock.org.eclipse.jetty.server.handler.AbstractHandler - starting ServletHandler@68f264bf{STARTING}
19:39:27.266 [Test worker] DEBUG wiremock.org.eclipse.jetty.util.component.AbstractLifeCycle - STARTED @2685ms ServletHandler@68f264bf{STARTED}
19:39:27.267 [Test worker] DEBUG wiremock.org.eclipse.jetty.util.component.AbstractLifeCycle - starting wiremock.org.eclipse.jetty.servlets.CrossOriginFilter-558aa1f1==wiremock.org.eclipse.jetty.servlets.CrossOriginFilter@558aa1f1{inst=false,async=true,src=EMBEDDED:null}
19:39:27.267 [Test worker] DEBUG wiremock.org.eclipse.jetty.util.component.AbstractLifeCycle - STARTED @2686ms wiremock.org.eclipse.jetty.servlets.CrossOriginFilter-558aa1f1==wiremock.org.eclipse.jetty.servlets.CrossOriginFilter@558aa1f1{inst=false,async=true,src=EMBEDDED:null}
19:39:27.269 [Test worker] DEBUG wiremock.org.eclipse.jetty.servlet.FilterHolder - Filter.init wiremock.org.eclipse.jetty.servlets.CrossOriginFilter@74f92d14
19:39:27.271 [Test worker] DEBUG wiremock.org.eclipse.jetty.servlets.CrossOriginFilter - Cross-origin filter configuration: allowedOrigins = *, allowedTimingOrigins = null, allowedMethods = OPTIONS,GET,POST,PUT,PATCH,DELETE, allowedHeaders = *, preflightMaxAge = 1800, allowCredentials = true,exposedHeaders = ,chainPreflight = false
19:39:27.271 [Test worker] DEBUG wiremock.org.eclipse.jetty.util.component.AbstractLifeCycle - starting com.github.tomakehurst.wiremock.servlet.WireMockHandlerDispatchingServlet-bf18412==com.github.tomakehurst.wiremock.servlet.WireMockHandlerDispatchingServlet@a9b6d47c{jsp=null,order=-1,inst=false,async=true,src=EMBEDDED:null,STOPPED}
19:39:27.272 [Test worker] DEBUG wiremock.org.eclipse.jetty.util.component.AbstractLifeCycle - STARTED @2691ms com.github.tomakehurst.wiremock.servlet.WireMockHandlerDispatchingServlet-bf18412==com.github.tomakehurst.wiremock.servlet.WireMockHandlerDispatchingServlet@a9b6d47c{jsp=null,order=-1,inst=false,async=true,src=EMBEDDED:null,STARTED}
19:39:27.272 [Test worker] DEBUG wiremock.org.eclipse.jetty.util.component.AbstractLifeCycle - starting wiremock.org.eclipse.jetty.servlet.DefaultServlet-52dd1be2==wiremock.org.eclipse.jetty.servlet.DefaultServlet@87f925b{jsp=null,order=-1,inst=false,async=false,src=EMBEDDED:null,STOPPED}
19:39:27.273 [Test worker] DEBUG wiremock.org.eclipse.jetty.util.component.AbstractLifeCycle - STARTED @2692ms wiremock.org.eclipse.jetty.servlet.DefaultServlet-52dd1be2==wiremock.org.eclipse.jetty.servlet.DefaultServlet@87f925b{jsp=null,order=-1,inst=false,async=false,src=EMBEDDED:null,STARTED}
19:39:27.275 [Test worker] DEBUG wiremock.org.eclipse.jetty.util.component.AbstractLifeCycle - starting wiremock.org.eclipse.jetty.servlet.DefaultServlet-5e72c82a==wiremock.org.eclipse.jetty.servlet.DefaultServlet@42e8cc0f{jsp=null,order=-1,inst=false,async=true,src=EMBEDDED:null,STOPPED}
19:39:27.275 [Test worker] DEBUG wiremock.org.eclipse.jetty.util.component.AbstractLifeCycle - STARTED @2694ms wiremock.org.eclipse.jetty.servlet.DefaultServlet-5e72c82a==wiremock.org.eclipse.jetty.servlet.DefaultServlet@42e8cc0f{jsp=null,order=-1,inst=false,async=true,src=EMBEDDED:null,STARTED}
19:39:27.275 [Test worker] INFO wiremock.org.eclipse.jetty.server.handler.ContextHandler - Started w.o.e.j.s.ServletContextHandler@6a7fc4c1{/__admin,null,AVAILABLE}
19:39:27.276 [Test worker] DEBUG wiremock.org.eclipse.jetty.util.component.AbstractLifeCycle - STARTED @2695ms w.o.e.j.s.ServletContextHandler@6a7fc4c1{/__admin,null,AVAILABLE}
19:39:27.276 [Test worker] DEBUG wiremock.org.eclipse.jetty.util.component.AbstractLifeCycle - starting GzipHandler@7b6b466a{STOPPED,min=32,inflate=-1}
19:39:27.276 [Test worker] DEBUG wiremock.org.eclipse.jetty.util.component.ContainerLifeCycle - GzipHandler@7b6b466a{STARTING,min=32,inflate=-1} added {DeflaterPool@c3ca482{STOPPED,size=0,capacity=UNLIMITED},AUTO}
19:39:27.278 [Test worker] DEBUG wiremock.org.eclipse.jetty.server.handler.AbstractHandler - starting GzipHandler@7b6b466a{STARTING,min=32,inflate=-1}
19:39:27.278 [Test worker] DEBUG wiremock.org.eclipse.jetty.util.component.AbstractLifeCycle - starting w.o.e.j.s.ServletContextHandler@452e2210{/,null,STOPPED}
19:39:27.279 [Test worker] DEBUG wiremock.org.eclipse.jetty.server.handler.AbstractHandler - starting w.o.e.j.s.ServletContextHandler@452e2210{/,null,STARTING}
19:39:27.279 [Test worker] DEBUG wiremock.org.eclipse.jetty.util.component.AbstractLifeCycle - starting ServletHandler@684f7f1c{STOPPED}
19:39:27.279 [Test worker] DEBUG wiremock.org.eclipse.jetty.servlet.ServletHandler - Path=/__files/*[EMBEDDED:null] mapped to servlet=wiremock.org.eclipse.jetty.servlet.DefaultServlet-6a013bdd[EMBEDDED:null]
19:39:27.279 [Test worker] DEBUG wiremock.org.eclipse.jetty.http.pathmap.PathMappings - Added MappedResource[pathSpec=ServletPathSpec@387a9b82{/__files/*},resource=wiremock.org.eclipse.jetty.servlet.DefaultServlet-6a013bdd==wiremock.org.eclipse.jetty.servlet.DefaultServlet@cb1bd9fb{jsp=null,order=-1,inst=false,async=true,src=EMBEDDED:null,STOPPED}] to PathMappings[size=1]
19:39:27.279 [Test worker] DEBUG wiremock.org.eclipse.jetty.servlet.ServletHandler - Path=/[EMBEDDED:null] mapped to servlet=com.github.tomakehurst.wiremock.servlet.WireMockHandlerDispatchingServlet-8dedec8[EMBEDDED:null]
19:39:27.280 [Test worker] DEBUG wiremock.org.eclipse.jetty.http.pathmap.PathMappings - Added MappedResource[pathSpec=ServletPathSpec@4e{/},resource=com.github.tomakehurst.wiremock.servlet.WireMockHandlerDispatchingServlet-8dedec8==com.github.tomakehurst.wiremock.servlet.WireMockHandlerDispatchingServlet@fb78ef21{jsp=null,order=1,inst=false,async=true,src=EMBEDDED:null,STOPPED}] to PathMappings[size=2]
19:39:27.280 [Test worker] DEBUG wiremock.org.eclipse.jetty.servlet.ServletHandler - filterNameMap={com.github.tomakehurst.wiremock.servlet.TrailingSlashFilter-20e41f13=com.github.tomakehurst.wiremock.servlet.TrailingSlashFilter-20e41f13==com.github.tomakehurst.wiremock.servlet.TrailingSlashFilter@20e41f13{inst=false,async=true,src=EMBEDDED:null}, com.github.tomakehurst.wiremock.servlet.ContentTypeSettingFilter-724c26e0=com.github.tomakehurst.wiremock.servlet.ContentTypeSettingFilter-724c26e0==com.github.tomakehurst.wiremock.servlet.ContentTypeSettingFilter@724c26e0{inst=false,async=true,src=EMBEDDED:null}}
19:39:27.280 [Test worker] DEBUG wiremock.org.eclipse.jetty.servlet.ServletHandler - pathFilters=[[/__files/*]/[]/[ASYNC, INCLUDE, ERROR, FORWARD, REQUEST]=>com.github.tomakehurst.wiremock.servlet.TrailingSlashFilter-20e41f13, [/__files/*]/[]/[FORWARD]=>com.github.tomakehurst.wiremock.servlet.ContentTypeSettingFilter-724c26e0]
19:39:27.280 [Test worker] DEBUG wiremock.org.eclipse.jetty.servlet.ServletHandler - servletFilterMap={}
19:39:27.280 [Test worker] DEBUG wiremock.org.eclipse.jetty.servlet.ServletHandler - servletPathMap=PathMappings[size=2]
19:39:27.280 [Test worker] DEBUG wiremock.org.eclipse.jetty.servlet.ServletHandler - servletNameMap={wiremock.org.eclipse.jetty.servlet.DefaultServlet-6a013bdd=wiremock.org.eclipse.jetty.servlet.DefaultServlet-6a013bdd==wiremock.org.eclipse.jetty.servlet.DefaultServlet@cb1bd9fb{jsp=null,order=-1,inst=false,async=true,src=EMBEDDED:null,STOPPED}, com.github.tomakehurst.wiremock.servlet.WireMockHandlerDispatchingServlet-8dedec8=com.github.tomakehurst.wiremock.servlet.WireMockHandlerDispatchingServlet-8dedec8==com.github.tomakehurst.wiremock.servlet.WireMockHandlerDispatchingServlet@fb78ef21{jsp=null,order=1,inst=false,async=true,src=EMBEDDED:null,STOPPED}}
19:39:27.281 [Test worker] DEBUG wiremock.org.eclipse.jetty.server.handler.AbstractHandler - starting ServletHandler@684f7f1c{STARTING}
19:39:27.281 [Test worker] DEBUG wiremock.org.eclipse.jetty.util.component.AbstractLifeCycle - STARTED @2700ms ServletHandler@684f7f1c{STARTED}
19:39:27.281 [Test worker] DEBUG wiremock.org.eclipse.jetty.util.component.AbstractLifeCycle - starting NotFoundHandler@361483eb{STOPPED}
19:39:27.281 [Test worker] DEBUG wiremock.org.eclipse.jetty.server.handler.AbstractHandler - starting NotFoundHandler@361483eb{STARTING}
19:39:27.281 [Test worker] DEBUG wiremock.org.eclipse.jetty.util.component.AbstractLifeCycle - STARTED @2700ms NotFoundHandler@361483eb{STARTED}
19:39:27.281 [Test worker] DEBUG wiremock.org.eclipse.jetty.util.component.AbstractLifeCycle - starting com.github.tomakehurst.wiremock.servlet.ContentTypeSettingFilter-724c26e0==com.github.tomakehurst.wiremock.servlet.ContentTypeSettingFilter@724c26e0{inst=false,async=true,src=EMBEDDED:null}
19:39:27.282 [Test worker] DEBUG wiremock.org.eclipse.jetty.util.component.AbstractLifeCycle - STARTED @2701ms com.github.tomakehurst.wiremock.servlet.ContentTypeSettingFilter-724c26e0==com.github.tomakehurst.wiremock.servlet.ContentTypeSettingFilter@724c26e0{inst=false,async=true,src=EMBEDDED:null}
19:39:27.282 [Test worker] DEBUG wiremock.org.eclipse.jetty.servlet.FilterHolder - Filter.init com.github.tomakehurst.wiremock.servlet.ContentTypeSettingFilter@1ddb6abb
19:39:27.282 [Test worker] DEBUG wiremock.org.eclipse.jetty.util.component.AbstractLifeCycle - starting com.github.tomakehurst.wiremock.servlet.TrailingSlashFilter-20e41f13==com.github.tomakehurst.wiremock.servlet.TrailingSlashFilter@20e41f13{inst=false,async=true,src=EMBEDDED:null}
19:39:27.282 [Test worker] DEBUG wiremock.org.eclipse.jetty.util.component.AbstractLifeCycle - STARTED @2701ms com.github.tomakehurst.wiremock.servlet.TrailingSlashFilter-20e41f13==com.github.tomakehurst.wiremock.servlet.TrailingSlashFilter@20e41f13{inst=false,async=true,src=EMBEDDED:null}
19:39:27.283 [Test worker] DEBUG wiremock.org.eclipse.jetty.servlet.FilterHolder - Filter.init com.github.tomakehurst.wiremock.servlet.TrailingSlashFilter@c67a89
19:39:27.283 [Test worker] DEBUG wiremock.org.eclipse.jetty.util.component.AbstractLifeCycle - starting wiremock.org.eclipse.jetty.servlet.DefaultServlet-6a013bdd==wiremock.org.eclipse.jetty.servlet.DefaultServlet@cb1bd9fb{jsp=null,order=-1,inst=false,async=true,src=EMBEDDED:null,STOPPED}
19:39:27.283 [Test worker] DEBUG wiremock.org.eclipse.jetty.util.component.AbstractLifeCycle - STARTED @2702ms wiremock.org.eclipse.jetty.servlet.DefaultServlet-6a013bdd==wiremock.org.eclipse.jetty.servlet.DefaultServlet@cb1bd9fb{jsp=null,order=-1,inst=false,async=true,src=EMBEDDED:null,STARTED}
19:39:27.283 [Test worker] DEBUG wiremock.org.eclipse.jetty.util.component.AbstractLifeCycle - starting com.github.tomakehurst.wiremock.servlet.WireMockHandlerDispatchingServlet-8dedec8==com.github.tomakehurst.wiremock.servlet.WireMockHandlerDispatchingServlet@fb78ef21{jsp=null,order=1,inst=false,async=true,src=EMBEDDED:null,STOPPED}
19:39:27.283 [Test worker] DEBUG wiremock.org.eclipse.jetty.util.component.AbstractLifeCycle - STARTED @2702ms com.github.tomakehurst.wiremock.servlet.WireMockHandlerDispatchingServlet-8dedec8==com.github.tomakehurst.wiremock.servlet.WireMockHandlerDispatchingServlet@fb78ef21{jsp=null,order=1,inst=false,async=true,src=EMBEDDED:null,STARTED}
19:39:27.294 [Test worker] DEBUG wiremock.org.eclipse.jetty.servlet.ServletHolder - Servlet.init null for com.github.tomakehurst.wiremock.servlet.WireMockHandlerDispatchingServlet-8dedec8
19:39:27.294 [Test worker] INFO wiremock.org.eclipse.jetty.server.handler.ContextHandler.ROOT - RequestHandlerClass from context returned com.github.tomakehurst.wiremock.http.StubRequestHandler. Normalized mapped under returned 'null'
19:39:27.294 [Test worker] INFO wiremock.org.eclipse.jetty.server.handler.ContextHandler - Started w.o.e.j.s.ServletContextHandler@452e2210{/,null,AVAILABLE}
19:39:27.295 [Test worker] DEBUG wiremock.org.eclipse.jetty.util.component.AbstractLifeCycle - STARTED @2714ms w.o.e.j.s.ServletContextHandler@452e2210{/,null,AVAILABLE}
19:39:27.295 [Test worker] DEBUG wiremock.org.eclipse.jetty.util.component.AbstractLifeCycle - starting DeflaterPool@c3ca482{STOPPED,size=0,capacity=UNLIMITED}
19:39:27.295 [Test worker] DEBUG wiremock.org.eclipse.jetty.util.component.AbstractLifeCycle - STARTED @2714ms DeflaterPool@c3ca482{STARTED,size=0,capacity=UNLIMITED}
19:39:27.295 [Test worker] DEBUG wiremock.org.eclipse.jetty.util.component.AbstractLifeCycle - STARTED @2714ms GzipHandler@7b6b466a{STARTED,min=32,inflate=-1}
19:39:27.295 [Test worker] DEBUG wiremock.org.eclipse.jetty.util.component.AbstractLifeCycle - STARTED @2714ms HandlerCollection@2f82e3cf{STARTED}
19:39:27.295 [Test worker] DEBUG wiremock.org.eclipse.jetty.util.component.AbstractLifeCycle - starting ErrorHandler@69f24965{STOPPED}
19:39:27.296 [Test worker] DEBUG wiremock.org.eclipse.jetty.server.handler.AbstractHandler - starting ErrorHandler@69f24965{STARTING}
19:39:27.296 [Test worker] DEBUG wiremock.org.eclipse.jetty.util.component.AbstractLifeCycle - STARTED @2715ms ErrorHandler@69f24965{STARTED}
19:39:27.296 [Test worker] DEBUG wiremock.org.eclipse.jetty.util.component.AbstractLifeCycle - starting NetworkTrafficServerConnector@6705b763{HTTP/1.1, (http/1.1, h2c)}{0.0.0.0:0}
19:39:27.298 [Test worker] DEBUG wiremock.org.eclipse.jetty.util.component.ContainerLifeCycle - NetworkTrafficServerConnector@6705b763{HTTP/1.1, (http/1.1, h2c)}{0.0.0.0:40687} added {sun.nio.ch.ServerSocketChannelImpl[/[0:0:0:0:0:0:0:0]:40687],POJO}
19:39:27.300 [Test worker] DEBUG wiremock.org.eclipse.jetty.util.component.AbstractLifeCycle - starting ScheduledExecutorScheduler@64e89bb2{STOPPED}
19:39:27.301 [Test worker] DEBUG wiremock.org.eclipse.jetty.util.component.AbstractLifeCycle - STARTED @2720ms ScheduledExecutorScheduler@64e89bb2{STARTED}
19:39:27.301 [Test worker] DEBUG wiremock.org.eclipse.jetty.util.component.AbstractLifeCycle - starting HttpConnectionFactory@8dbf0f2[HTTP/1.1]
19:39:27.301 [Test worker] DEBUG wiremock.org.eclipse.jetty.util.component.AbstractLifeCycle - STARTED @2720ms HttpConnectionFactory@8dbf0f2[HTTP/1.1]
19:39:27.301 [Test worker] DEBUG wiremock.org.eclipse.jetty.util.component.AbstractLifeCycle - starting HTTP2CServerConnectionFactory@21ab919c[h2c]
19:39:27.302 [Test worker] DEBUG wiremock.org.eclipse.jetty.util.component.AbstractLifeCycle - STARTED @2721ms HTTP2CServerConnectionFactory@21ab919c[h2c]
19:39:27.302 [Test worker] DEBUG wiremock.org.eclipse.jetty.util.component.AbstractLifeCycle - starting SelectorManager@NetworkTrafficServerConnector@6705b763{HTTP/1.1, (http/1.1, h2c)}{0.0.0.0:40687}
19:39:27.312 [Test worker] DEBUG wiremock.org.eclipse.jetty.util.component.ContainerLifeCycle - EatWhatYouKill@694f0655/SelectorProducer@3b11deb6/IDLE/p=false/QueuedThreadPool[qtp931940545]@378c48c1{STARTED,8<=8<=25,i=8,r=-1,q=0}[ReservedThreadExecutor@3bf41cd0{s=0/2,p=0}][pc=0,pic=0,pec=0,epc=0]@2022-10-08T19:39:27.311394609+02:00 added {SelectorProducer@3b11deb6,POJO}
19:39:27.313 [Test worker] DEBUG wiremock.org.eclipse.jetty.util.component.ContainerLifeCycle - EatWhatYouKill@694f0655/SelectorProducer@3b11deb6/IDLE/p=false/QueuedThreadPool[qtp931940545]@378c48c1{STARTED,8<=8<=25,i=8,r=-1,q=0}[ReservedThreadExecutor@3bf41cd0{s=0/2,p=0}][pc=0,pic=0,pec=0,epc=0]@2022-10-08T19:39:27.313342306+02:00 added {QueuedThreadPool[qtp931940545]@378c48c1{STARTED,8<=8<=25,i=8,r=-1,q=0}[ReservedThreadExecutor@3bf41cd0{s=0/2,p=0}],UNMANAGED}
19:39:27.313 [Test worker] DEBUG wiremock.org.eclipse.jetty.util.thread.strategy.EatWhatYouKill - EatWhatYouKill@694f0655/SelectorProducer@3b11deb6/IDLE/p=false/QueuedThreadPool[qtp931940545]@378c48c1{STARTED,8<=8<=25,i=8,r=-1,q=0}[ReservedThreadExecutor@3bf41cd0{s=0/2,p=0}][pc=0,pic=0,pec=0,epc=0]@2022-10-08T19:39:27.313762821+02:00 created
19:39:27.314 [Test worker] DEBUG wiremock.org.eclipse.jetty.util.component.ContainerLifeCycle - ManagedSelector@20923380{STOPPED} id=0 keys=-1 selected=-1 updates=0 added {EatWhatYouKill@694f0655/SelectorProducer@3b11deb6/IDLE/p=false/QueuedThreadPool[qtp931940545]@378c48c1{STARTED,8<=8<=25,i=8,r=-1,q=0}[ReservedThreadExecutor@3bf41cd0{s=0/2,p=0}][pc=0,pic=0,pec=0,epc=0]@2022-10-08T19:39:27.314138782+02:00,MANAGED}
19:39:27.314 [Test worker] DEBUG wiremock.org.eclipse.jetty.util.component.ContainerLifeCycle - SelectorManager@NetworkTrafficServerConnector@6705b763{HTTP/1.1, (http/1.1, h2c)}{0.0.0.0:40687} added {ManagedSelector@20923380{STOPPED} id=0 keys=-1 selected=-1 updates=0,AUTO}
19:39:27.314 [Test worker] DEBUG wiremock.org.eclipse.jetty.util.component.ContainerLifeCycle - EatWhatYouKill@5b2c41f9/SelectorProducer@6520625f/IDLE/p=false/QueuedThreadPool[qtp931940545]@378c48c1{STARTED,8<=8<=25,i=8,r=-1,q=0}[ReservedThreadExecutor@3bf41cd0{s=0/2,p=0}][pc=0,pic=0,pec=0,epc=0]@2022-10-08T19:39:27.314765534+02:00 added {SelectorProducer@6520625f,POJO}
19:39:27.315 [Test worker] DEBUG wiremock.org.eclipse.jetty.util.component.ContainerLifeCycle - EatWhatYouKill@5b2c41f9/SelectorProducer@6520625f/IDLE/p=false/QueuedThreadPool[qtp931940545]@378c48c1{STARTED,8<=8<=25,i=8,r=-1,q=0}[ReservedThreadExecutor@3bf41cd0{s=0/2,p=0}][pc=0,pic=0,pec=0,epc=0]@2022-10-08T19:39:27.315083254+02:00 added {QueuedThreadPool[qtp931940545]@378c48c1{STARTED,8<=8<=25,i=8,r=-1,q=0}[ReservedThreadExecutor@3bf41cd0{s=0/2,p=0}],UNMANAGED}
19:39:27.315 [Test worker] DEBUG wiremock.org.eclipse.jetty.util.thread.strategy.EatWhatYouKill - EatWhatYouKill@5b2c41f9/SelectorProducer@6520625f/IDLE/p=false/QueuedThreadPool[qtp931940545]@378c48c1{STARTED,8<=8<=25,i=8,r=-1,q=0}[ReservedThreadExecutor@3bf41cd0{s=0/2,p=0}][pc=0,pic=0,pec=0,epc=0]@2022-10-08T19:39:27.315488256+02:00 created
19:39:27.315 [Test worker] DEBUG wiremock.org.eclipse.jetty.util.component.ContainerLifeCycle - ManagedSelector@1ee52741{STOPPED} id=1 keys=-1 selected=-1 updates=0 added {EatWhatYouKill@5b2c41f9/SelectorProducer@6520625f/IDLE/p=false/QueuedThreadPool[qtp931940545]@378c48c1{STARTED,8<=8<=25,i=8,r=-1,q=0}[ReservedThreadExecutor@3bf41cd0{s=0/2,p=0}][pc=0,pic=0,pec=0,epc=0]@2022-10-08T19:39:27.315816335+02:00,MANAGED}
19:39:27.316 [Test worker] DEBUG wiremock.org.eclipse.jetty.util.component.ContainerLifeCycle - SelectorManager@NetworkTrafficServerConnector@6705b763{HTTP/1.1, (http/1.1, h2c)}{0.0.0.0:40687} added {ManagedSelector@1ee52741{STOPPED} id=1 keys=-1 selected=-1 updates=0,AUTO}
19:39:27.316 [Test worker] DEBUG wiremock.org.eclipse.jetty.util.component.AbstractLifeCycle - starting ManagedSelector@20923380{STOPPED} id=0 keys=-1 selected=-1 updates=0
19:39:27.316 [Test worker] DEBUG wiremock.org.eclipse.jetty.util.component.AbstractLifeCycle - starting EatWhatYouKill@694f0655/SelectorProducer@3b11deb6/IDLE/p=false/QueuedThreadPool[qtp931940545]@378c48c1{STARTED,8<=8<=25,i=8,r=-1,q=0}[ReservedThreadExecutor@3bf41cd0{s=0/2,p=0}][pc=0,pic=0,pec=0,epc=0]@2022-10-08T19:39:27.316611095+02:00
19:39:27.317 [Test worker] DEBUG wiremock.org.eclipse.jetty.util.component.AbstractLifeCycle - STARTED @2735ms EatWhatYouKill@694f0655/SelectorProducer@3b11deb6/IDLE/p=false/QueuedThreadPool[qtp931940545]@378c48c1{STARTED,8<=8<=25,i=8,r=-1,q=0}[ReservedThreadExecutor@3bf41cd0{s=0/2,p=0}][pc=0,pic=0,pec=0,epc=0]@2022-10-08T19:39:27.316927806+02:00
19:39:27.317 [Test worker] DEBUG wiremock.org.eclipse.jetty.util.thread.QueuedThreadPool - queue wiremock.org.eclipse.jetty.io.ManagedSelector$$Lambda$424/0x0000000800f1b030@1640a6b5 startThread=0
19:39:27.317 [qtp931940545-19] DEBUG wiremock.org.eclipse.jetty.util.thread.QueuedThreadPool - run wiremock.org.eclipse.jetty.io.ManagedSelector$$Lambda$424/0x0000000800f1b030@1640a6b5 in QueuedThreadPool[qtp931940545]@378c48c1{STARTED,8<=8<=25,i=7,r=-1,q=0}[ReservedThreadExecutor@3bf41cd0{s=0/2,p=0}]
19:39:27.318 [qtp931940545-19] DEBUG wiremock.org.eclipse.jetty.util.thread.strategy.EatWhatYouKill - EatWhatYouKill@694f0655/SelectorProducer@3b11deb6/IDLE/p=false/QueuedThreadPool[qtp931940545]@378c48c1{STARTED,8<=8<=25,i=7,r=-1,q=0}[ReservedThreadExecutor@3bf41cd0{s=0/2,p=0}][pc=0,pic=0,pec=0,epc=0]@2022-10-08T19:39:27.318119717+02:00 tryProduce false
19:39:27.318 [Test worker] DEBUG wiremock.org.eclipse.jetty.io.ManagedSelector - Queued change lazy=false wiremock.org.eclipse.jetty.io.ManagedSelector$Start@7bbe532b on ManagedSelector@20923380{STARTING} id=0 keys=0 selected=0 updates=0
19:39:27.319 [qtp931940545-19] DEBUG wiremock.org.eclipse.jetty.io.ManagedSelector - updateable 1
19:39:27.320 [qtp931940545-19] DEBUG wiremock.org.eclipse.jetty.io.ManagedSelector - update wiremock.org.eclipse.jetty.io.ManagedSelector$Start@7bbe532b
19:39:27.320 [qtp931940545-19] DEBUG wiremock.org.eclipse.jetty.io.ManagedSelector - updates 0
19:39:27.320 [Test worker] DEBUG wiremock.org.eclipse.jetty.util.component.AbstractLifeCycle - STARTED @2739ms ManagedSelector@20923380{STARTED} id=0 keys=0 selected=0 updates=0
19:39:27.320 [qtp931940545-19] DEBUG wiremock.org.eclipse.jetty.io.ManagedSelector - Selector sun.nio.ch.EPollSelectorImpl@2a9b38cc waiting with 0 keys
19:39:27.320 [Test worker] DEBUG wiremock.org.eclipse.jetty.util.component.AbstractLifeCycle - starting ManagedSelector@1ee52741{STOPPED} id=1 keys=-1 selected=-1 updates=0
19:39:27.321 [Test worker] DEBUG wiremock.org.eclipse.jetty.util.component.AbstractLifeCycle - starting EatWhatYouKill@5b2c41f9/SelectorProducer@6520625f/IDLE/p=false/QueuedThreadPool[qtp931940545]@378c48c1{STARTED,8<=8<=25,i=7,r=-1,q=0}[ReservedThreadExecutor@3bf41cd0{s=0/2,p=0}][pc=0,pic=0,pec=0,epc=0]@2022-10-08T19:39:27.320927435+02:00
19:39:27.321 [Test worker] DEBUG wiremock.org.eclipse.jetty.util.component.AbstractLifeCycle - STARTED @2740ms EatWhatYouKill@5b2c41f9/SelectorProducer@6520625f/IDLE/p=false/QueuedThreadPool[qtp931940545]@378c48c1{STARTED,8<=8<=25,i=7,r=-1,q=0}[ReservedThreadExecutor@3bf41cd0{s=0/2,p=0}][pc=0,pic=0,pec=0,epc=0]@2022-10-08T19:39:27.321396245+02:00
19:39:27.321 [Test worker] DEBUG wiremock.org.eclipse.jetty.util.thread.QueuedThreadPool - queue wiremock.org.eclipse.jetty.io.ManagedSelector$$Lambda$424/0x0000000800f1b030@abe7d36 startThread=0
19:39:27.321 [qtp931940545-20] DEBUG wiremock.org.eclipse.jetty.util.thread.QueuedThreadPool - run wiremock.org.eclipse.jetty.io.ManagedSelector$$Lambda$424/0x0000000800f1b030@abe7d36 in QueuedThreadPool[qtp931940545]@378c48c1{STARTED,8<=8<=25,i=6,r=-1,q=0}[ReservedThreadExecutor@3bf41cd0{s=0/2,p=0}]
19:39:27.321 [Test worker] DEBUG wiremock.org.eclipse.jetty.io.ManagedSelector - Queued change lazy=false wiremock.org.eclipse.jetty.io.ManagedSelector$Start@7da1ef46 on ManagedSelector@1ee52741{STARTING} id=1 keys=0 selected=0 updates=0
19:39:27.322 [qtp931940545-20] DEBUG wiremock.org.eclipse.jetty.util.thread.strategy.EatWhatYouKill - EatWhatYouKill@5b2c41f9/SelectorProducer@6520625f/IDLE/p=false/QueuedThreadPool[qtp931940545]@378c48c1{STARTED,8<=8<=25,i=6,r=-1,q=0}[ReservedThreadExecutor@3bf41cd0{s=0/2,p=0}][pc=0,pic=0,pec=0,epc=0]@2022-10-08T19:39:27.322082616+02:00 tryProduce false
19:39:27.322 [qtp931940545-20] DEBUG wiremock.org.eclipse.jetty.io.ManagedSelector - updateable 1
19:39:27.322 [qtp931940545-20] DEBUG wiremock.org.eclipse.jetty.io.ManagedSelector - update wiremock.org.eclipse.jetty.io.ManagedSelector$Start@7da1ef46
19:39:27.322 [qtp931940545-20] DEBUG wiremock.org.eclipse.jetty.io.ManagedSelector - updates 0
19:39:27.322 [qtp931940545-20] DEBUG wiremock.org.eclipse.jetty.io.ManagedSelector - Selector sun.nio.ch.EPollSelectorImpl@19675b56 waiting with 0 keys
19:39:27.322 [Test worker] DEBUG wiremock.org.eclipse.jetty.util.component.AbstractLifeCycle - STARTED @2741ms ManagedSelector@1ee52741{STARTED} id=1 keys=0 selected=0 updates=0
19:39:27.322 [Test worker] DEBUG wiremock.org.eclipse.jetty.util.component.AbstractLifeCycle - STARTED @2741ms SelectorManager@NetworkTrafficServerConnector@6705b763{HTTP/1.1, (http/1.1, h2c)}{0.0.0.0:40687}
19:39:27.324 [Test worker] DEBUG wiremock.org.eclipse.jetty.util.component.ContainerLifeCycle - NetworkTrafficServerConnector@6705b763{HTTP/1.1, (http/1.1, h2c)}{0.0.0.0:40687} added {acceptor-0@2dd4a7a9,POJO}
19:39:27.324 [Test worker] DEBUG wiremock.org.eclipse.jetty.util.thread.QueuedThreadPool - queue acceptor-0@2dd4a7a9 startThread=0
19:39:27.324 [qtp931940545-21] DEBUG wiremock.org.eclipse.jetty.util.thread.QueuedThreadPool - run acceptor-0@2dd4a7a9 in QueuedThreadPool[qtp931940545]@378c48c1{STARTED,8<=8<=25,i=5,r=-1,q=0}[ReservedThreadExecutor@3bf41cd0{s=0/2,p=0}]
19:39:27.324 [Test worker] DEBUG wiremock.org.eclipse.jetty.util.component.ContainerLifeCycle - NetworkTrafficServerConnector@6705b763{HTTP/1.1, (http/1.1, h2c)}{0.0.0.0:40687} added {acceptor-1@49392256,POJO}
19:39:27.324 [qtp931940545-22] DEBUG wiremock.org.eclipse.jetty.util.thread.QueuedThreadPool - run acceptor-1@49392256 in QueuedThreadPool[qtp931940545]@378c48c1{STARTED,8<=8<=25,i=4,r=-1,q=0}[ReservedThreadExecutor@3bf41cd0{s=0/2,p=0}]
19:39:27.325 [Test worker] DEBUG wiremock.org.eclipse.jetty.util.thread.QueuedThreadPool - queue qtp931940545-22-acceptor-1@49392256-NetworkTrafficServerConnector@6705b763{HTTP/1.1, (http/1.1, h2c)}{0.0.0.0:40687} startThread=0
19:39:27.325 [Test worker] DEBUG wiremock.org.eclipse.jetty.util.component.ContainerLifeCycle - NetworkTrafficServerConnector@6705b763{HTTP/1.1, (http/1.1, h2c)}{0.0.0.0:40687} added {acceptor-2@5a23b9d1,POJO}
19:39:27.325 [qtp931940545-23] DEBUG wiremock.org.eclipse.jetty.util.thread.QueuedThreadPool - run acceptor-2@5a23b9d1 in QueuedThreadPool[qtp931940545]@378c48c1{STARTED,8<=8<=25,i=3,r=-1,q=0}[ReservedThreadExecutor@3bf41cd0{s=0/2,p=0}]
19:39:27.325 [Test worker] DEBUG wiremock.org.eclipse.jetty.util.thread.QueuedThreadPool - queue acceptor-2@5a23b9d1 startThread=0
19:39:27.325 [Test worker] INFO wiremock.org.eclipse.jetty.server.AbstractConnector - Started NetworkTrafficServerConnector@6705b763{HTTP/1.1, (http/1.1, h2c)}{0.0.0.0:40687}
19:39:27.326 [Test worker] DEBUG wiremock.org.eclipse.jetty.util.component.AbstractLifeCycle - STARTED @2745ms NetworkTrafficServerConnector@6705b763{HTTP/1.1, (http/1.1, h2c)}{0.0.0.0:40687}
19:39:27.326 [Test worker] INFO wiremock.org.eclipse.jetty.server.Server - Started @2745ms
19:39:27.326 [Test worker] DEBUG wiremock.org.eclipse.jetty.util.component.AbstractLifeCycle - STARTED @2745ms Server@4067634b{STARTED}[9.4.43.v20210629]
19:39:27.348 [Test worker] DEBUG io.github.bbortt.event.planner.apps.projects.config.TestJWSBuilderConfiguration - Startup succeed
19:39:27.405 [Test worker] DEBUG org.springframework.test.context.BootstrapUtils - Instantiating CacheAwareContextLoaderDelegate from class [org.springframework.test.context.cache.DefaultCacheAwareContextLoaderDelegate]
19:39:27.422 [Test worker] DEBUG org.springframework.test.context.BootstrapUtils - Instantiating BootstrapContext using constructor [public org.springframework.test.context.support.DefaultBootstrapContext(java.lang.Class,org.springframework.test.context.CacheAwareContextLoaderDelegate)]
19:39:27.517 [Test worker] DEBUG org.springframework.test.context.BootstrapUtils - Instantiating TestContextBootstrapper for test class [io.github.bbortt.event.planner.apps.projects.ProjectsServiceApplicationIntegrationTest] from class [org.springframework.boot.test.context.SpringBootTestContextBootstrapper]
19:39:27.528 [Test worker] INFO org.springframework.boot.test.context.SpringBootTestContextBootstrapper - Neither @ContextConfiguration nor @ContextHierarchy found for test class [io.github.bbortt.event.planner.apps.projects.ProjectsServiceApplicationIntegrationTest], using SpringBootContextLoader
19:39:27.534 [Test worker] DEBUG org.springframework.test.context.support.AbstractContextLoader - Did not detect default resource location for test class [io.github.bbortt.event.planner.apps.projects.ProjectsServiceApplicationIntegrationTest]: class path resource [io/github/bbortt/event/planner/apps/projects/ProjectsServiceApplicationIntegrationTest-context.xml] does not exist
19:39:27.535 [Test worker] DEBUG org.springframework.test.context.support.AbstractContextLoader - Did not detect default resource location for test class [io.github.bbortt.event.planner.apps.projects.ProjectsServiceApplicationIntegrationTest]: class path resource [io/github/bbortt/event/planner/apps/projects/ProjectsServiceApplicationIntegrationTestContext.groovy] does not exist
19:39:27.535 [Test worker] INFO org.springframework.test.context.support.AbstractContextLoader - Could not detect default resource locations for test class [io.github.bbortt.event.planner.apps.projects.ProjectsServiceApplicationIntegrationTest]: no resource found for suffixes {-context.xml, Context.groovy}.
19:39:27.536 [Test worker] INFO org.springframework.test.context.support.AnnotationConfigContextLoaderUtils - Could not detect default configuration classes for test class [io.github.bbortt.event.planner.apps.projects.ProjectsServiceApplicationIntegrationTest]: ProjectsServiceApplicationIntegrationTest does not declare any static, non-private, non-final, nested classes annotated with @Configuration.
19:39:27.690 [Test worker] DEBUG org.springframework.context.annotation.ClassPathScanningCandidateComponentProvider - Identified candidate component class: file [/home/timon/dev/workspaces/turnfest/event-planner/apps/projects-service/build/classes/java/main/io/github/bbortt/event/planner/apps/projects/ProjectsServiceApplication.class]
19:39:27.691 [Test worker] INFO org.springframework.boot.test.context.SpringBootTestContextBootstrapper - Found @SpringBootConfiguration io.github.bbortt.event.planner.apps.projects.ProjectsServiceApplication for test class io.github.bbortt.event.planner.apps.projects.ProjectsServiceApplicationIntegrationTest
19:39:27.871 [Test worker] DEBUG org.springframework.boot.test.context.SpringBootTestContextBootstrapper - @TestExecutionListeners is not present for class [io.github.bbortt.event.planner.apps.projects.ProjectsServiceApplicationIntegrationTest]: using defaults.
19:39:27.872 [Test worker] INFO org.springframework.boot.test.context.SpringBootTestContextBootstrapper - Loaded default TestExecutionListener class names from location [META-INF/spring.factories]: [org.springframework.cloud.contract.wiremock.WireMockTestExecutionListener, org.springframework.security.test.context.support.WithSecurityContextTestExecutionListener, org.springframework.security.test.context.support.ReactorContextTestExecutionListener, org.springframework.boot.test.autoconfigure.restdocs.RestDocsTestExecutionListener, org.springframework.boot.test.autoconfigure.web.client.MockRestServiceServerResetTestExecutionListener, org.springframework.boot.test.autoconfigure.web.servlet.MockMvcPrintOnlyOnFailureTestExecutionListener, org.springframework.boot.test.autoconfigure.web.servlet.WebDriverTestExecutionListener, org.springframework.boot.test.autoconfigure.webservices.client.MockWebServiceServerTestExecutionListener, org.springframework.boot.test.mock.mockito.MockitoTestExecutionListener, org.springframework.boot.test.mock.mockito.ResetMocksTestExecutionListener, org.springframework.test.context.web.ServletTestExecutionListener, org.springframework.test.context.support.DirtiesContextBeforeModesTestExecutionListener, org.springframework.test.context.event.ApplicationEventsTestExecutionListener, org.springframework.test.context.support.DependencyInjectionTestExecutionListener, org.springframework.test.context.support.DirtiesContextTestExecutionListener, org.springframework.test.context.transaction.TransactionalTestExecutionListener, org.springframework.test.context.jdbc.SqlScriptsTestExecutionListener, org.springframework.test.context.event.EventPublishingTestExecutionListener]
19:39:27.912 [Test worker] INFO org.springframework.boot.test.context.SpringBootTestContextBootstrapper - Using TestExecutionListeners: [org.springframework.test.context.web.ServletTestExecutionListener@6ca9ec77, org.springframework.test.context.support.DirtiesContextBeforeModesTestExecutionListener@360432d3, org.springframework.test.context.event.ApplicationEventsTestExecutionListener@6c2a7c73, org.springframework.boot.test.mock.mockito.MockitoTestExecutionListener@3ade99bb, org.springframework.boot.test.autoconfigure.SpringBootDependencyInjectionTestExecutionListener@193710c3, org.springframework.test.context.support.DirtiesContextTestExecutionListener@eb23b9c, org.springframework.test.context.transaction.TransactionalTestExecutionListener@314407dd, org.springframework.test.context.jdbc.SqlScriptsTestExecutionListener@7f19430f, org.springframework.security.test.context.support.WithSecurityContextTestExecutionListener@5e89e527, org.springframework.test.context.event.EventPublishingTestExecutionListener@41f84bb1, org.springframework.security.test.context.support.ReactorContextTestExecutionListener@5013c6bc, org.springframework.boot.test.autoconfigure.restdocs.RestDocsTestExecutionListener@6527f68a, org.springframework.boot.test.autoconfigure.web.client.MockRestServiceServerResetTestExecutionListener@741687d4, org.springframework.boot.test.autoconfigure.web.servlet.MockMvcPrintOnlyOnFailureTestExecutionListener@77b0ff24, org.springframework.boot.test.autoconfigure.web.servlet.WebDriverTestExecutionListener@3958e148, org.springframework.boot.test.autoconfigure.webservices.client.MockWebServiceServerTestExecutionListener@6391d34f, org.springframework.boot.test.mock.mockito.ResetMocksTestExecutionListener@23f9d0ce, org.springframework.cloud.contract.wiremock.WireMockTestExecutionListener@53c0424a]
19:39:27.918 [Test worker] DEBUG org.springframework.test.context.support.AbstractDirtiesContextTestExecutionListener - Before test class: context [DefaultTestContext@1d3bf0af testClass = ProjectsServiceApplicationIntegrationTest, testInstance = [null], testMethod = [null], testException = [null], mergedContextConfiguration = [WebMergedContextConfiguration@4af0ae2c testClass = ProjectsServiceApplicationIntegrationTest, locations = '{}', classes = '{class io.github.bbortt.event.planner.apps.projects.ProjectsServiceApplication}', contextInitializerClasses = '[]', activeProfiles = '{test}', propertySourceLocations = '{}', propertySourceProperties = '{org.springframework.boot.test.context.SpringBootTestContextBootstrapper=true}', contextCustomizers = set[org.springframework.boot.test.autoconfigure.actuate.metrics.MetricsExportContextCustomizerFactory$DisableMetricExportContextCustomizer@19ee0a2f, org.springframework.boot.test.autoconfigure.properties.PropertyMappingContextCustomizer@4b3fa0b3, org.springframework.boot.test.autoconfigure.web.servlet.WebDriverContextCustomizerFactory$Customizer@5f69462f, [ImportsContextCustomizer@13446044 key = [io.github.bbortt.event.planner.apps.projects.config.WireMockCustomizerConfig, io.github.bbortt.event.planner.apps.projects.config.TestJWSBuilderConfiguration, org.springframework.boot.test.autoconfigure.web.servlet.MockMvcAutoConfiguration, org.springframework.boot.test.autoconfigure.web.servlet.MockMvcWebClientAutoConfiguration, org.springframework.boot.test.autoconfigure.web.servlet.MockMvcWebDriverAutoConfiguration, org.springframework.boot.autoconfigure.security.oauth2.client.servlet.OAuth2ClientAutoConfiguration, org.springframework.boot.autoconfigure.security.oauth2.resource.servlet.OAuth2ResourceServerAutoConfiguration, org.springframework.boot.autoconfigure.security.servlet.SecurityAutoConfiguration, org.springframework.boot.autoconfigure.security.servlet.SecurityFilterAutoConfiguration, org.springframework.boot.autoconfigure.security.servlet.UserDetailsServiceAutoConfiguration, org.springframework.boot.test.autoconfigure.web.servlet.MockMvcSecurityConfiguration, org.springframework.boot.test.autoconfigure.web.reactive.WebTestClientAutoConfiguration]], org.springframework.boot.test.context.filter.ExcludeFilterContextCustomizer@3b39bee2, org.springframework.boot.test.json.DuplicateJsonObjectContextCustomizerFactory$DuplicateJsonObjectContextCustomizer@3f67f5ff, org.springframework.boot.test.mock.mockito.MockitoContextCustomizer@0, org.springframework.boot.test.web.client.TestRestTemplateContextCustomizer@1c76b2fe, org.springframework.boot.test.context.SpringBootTestArgs@1, org.springframework.boot.test.context.SpringBootTestWebEnvironment@650eab8], resourceBasePath = 'src/main/webapp', contextLoader = 'org.springframework.boot.test.context.SpringBootContextLoader', parent = [null]], attributes = map['org.springframework.test.context.web.ServletTestExecutionListener.activateListener' -> true]], class annotated with @DirtiesContext [false] with mode [null].

  .   ____          _            __ _ _
 /\\ / ___'_ __ _ _(_)_ __  __ _ \ \ \ \
( ( )\___ | '_ | '_| | '_ \/ _` | \ \ \ \
 \\/  ___)| |_)| | | | | || (_| |  ) ) ) )
  '  |____| .__|_| |_|_| |_\__, | / / / /
 =========|_|==============|___/=/_/_/_/
 :: Spring Boot ::                (v2.7.4)

]]></system-out>
  <system-err><![CDATA[]]></system-err>
</testsuite>
