<?xml version="1.0" encoding="UTF-8"?>
<testsuite name="io.github.bbortt.event.planner.apps.projects.service.ProjectServiceUnitTest" tests="11" skipped="0" failures="0" errors="0" timestamp="2022-10-08T17:39:23" hostname="debian" time="0.446">
  <properties/>
  <testcase name="updateProjectName()" classname="io.github.bbortt.event.planner.apps.projects.service.ProjectServiceUnitTest" time="0.368"/>
  <testcase name="createProjectRequiresEmptyId()" classname="io.github.bbortt.event.planner.apps.projects.service.ProjectServiceUnitTest" time="0.019"/>
  <testcase name="createProjectCallsRepository()" classname="io.github.bbortt.event.planner.apps.projects.service.ProjectServiceUnitTest" time="0.009"/>
  <testcase name="createProjectCannotEndBeforeItStarts()" classname="io.github.bbortt.event.planner.apps.projects.service.ProjectServiceUnitTest" time="0.003"/>
  <testcase name="archiveProject()" classname="io.github.bbortt.event.planner.apps.projects.service.ProjectServiceUnitTest" time="0.005"/>
  <testcase name="updateProjectDescription()" classname="io.github.bbortt.event.planner.apps.projects.service.ProjectServiceUnitTest" time="0.005"/>
  <testcase name="findByIdThrowsExceptionIfProjectDoesNotExist()" classname="io.github.bbortt.event.planner.apps.projects.service.ProjectServiceUnitTest" time="0.005"/>
  <testcase name="updateProjectRequiresId()" classname="io.github.bbortt.event.planner.apps.projects.service.ProjectServiceUnitTest" time="0.004"/>
  <testcase name="updateProjectCallsRepository()" classname="io.github.bbortt.event.planner.apps.projects.service.ProjectServiceUnitTest" time="0.005"/>
  <testcase name="findAllNonArchivedProjectsWhichIAmMemberOfReadsAuthenticationContext()" classname="io.github.bbortt.event.planner.apps.projects.service.ProjectServiceUnitTest" time="0.005"/>
  <testcase name="findByIdCallsRepository()" classname="io.github.bbortt.event.planner.apps.projects.service.ProjectServiceUnitTest" time="0.005"/>
  <system-out><![CDATA[19:39:24.207 [Test worker] DEBUG org.springframework.test.util.ReflectionTestUtils - Setting field 'paginationUtils' of type [class io.github.bbortt.event.planner.apps.projects.service.PaginationUtils] on target object [io.github.bbortt.event.planner.apps.projects.service.ProjectService@2c30c81d] or target class [class io.github.bbortt.event.planner.apps.projects.service.ProjectService] to value [paginationUtils]
19:39:24.348 [Test worker] DEBUG org.springframework.test.util.ReflectionTestUtils - Setting field 'paginationUtils' of type [class io.github.bbortt.event.planner.apps.projects.service.PaginationUtils] on target object [io.github.bbortt.event.planner.apps.projects.service.ProjectService@2f9b21d6] or target class [class io.github.bbortt.event.planner.apps.projects.service.ProjectService] to value [paginationUtils]
19:39:24.355 [Test worker] DEBUG org.springframework.test.util.ReflectionTestUtils - Setting field 'id' of type [null] on target object [io.github.bbortt.event.planner.apps.projects.domain.Project@dfd6b283] or target class [class io.github.bbortt.event.planner.apps.projects.domain.Project] to value [1234]
19:39:24.366 [Test worker] DEBUG org.springframework.test.util.ReflectionTestUtils - Setting field 'paginationUtils' of type [class io.github.bbortt.event.planner.apps.projects.service.PaginationUtils] on target object [io.github.bbortt.event.planner.apps.projects.service.ProjectService@340cb97f] or target class [class io.github.bbortt.event.planner.apps.projects.service.ProjectService] to value [paginationUtils]
19:39:24.377 [Test worker] DEBUG org.springframework.test.util.ReflectionTestUtils - Setting field 'paginationUtils' of type [class io.github.bbortt.event.planner.apps.projects.service.PaginationUtils] on target object [io.github.bbortt.event.planner.apps.projects.service.ProjectService@62b6c045] or target class [class io.github.bbortt.event.planner.apps.projects.service.ProjectService] to value [paginationUtils]
19:39:24.381 [Test worker] DEBUG org.springframework.test.util.ReflectionTestUtils - Setting field 'paginationUtils' of type [class io.github.bbortt.event.planner.apps.projects.service.PaginationUtils] on target object [io.github.bbortt.event.planner.apps.projects.service.ProjectService@6af65f29] or target class [class io.github.bbortt.event.planner.apps.projects.service.ProjectService] to value [paginationUtils]
19:39:24.387 [Test worker] DEBUG org.springframework.test.util.ReflectionTestUtils - Setting field 'paginationUtils' of type [class io.github.bbortt.event.planner.apps.projects.service.PaginationUtils] on target object [io.github.bbortt.event.planner.apps.projects.service.ProjectService@58b311ba] or target class [class io.github.bbortt.event.planner.apps.projects.service.ProjectService] to value [paginationUtils]
19:39:24.393 [Test worker] DEBUG org.springframework.test.util.ReflectionTestUtils - Setting field 'paginationUtils' of type [class io.github.bbortt.event.planner.apps.projects.service.PaginationUtils] on target object [io.github.bbortt.event.planner.apps.projects.service.ProjectService@4c38cd16] or target class [class io.github.bbortt.event.planner.apps.projects.service.ProjectService] to value [paginationUtils]
19:39:24.399 [Test worker] DEBUG org.springframework.test.util.ReflectionTestUtils - Setting field 'paginationUtils' of type [class io.github.bbortt.event.planner.apps.projects.service.PaginationUtils] on target object [io.github.bbortt.event.planner.apps.projects.service.ProjectService@28fc1132] or target class [class io.github.bbortt.event.planner.apps.projects.service.ProjectService] to value [paginationUtils]
19:39:24.404 [Test worker] DEBUG org.springframework.test.util.ReflectionTestUtils - Setting field 'paginationUtils' of type [class io.github.bbortt.event.planner.apps.projects.service.PaginationUtils] on target object [io.github.bbortt.event.planner.apps.projects.service.ProjectService@41e9f86] or target class [class io.github.bbortt.event.planner.apps.projects.service.ProjectService] to value [paginationUtils]
19:39:24.411 [Test worker] DEBUG org.springframework.test.util.ReflectionTestUtils - Setting field 'paginationUtils' of type [class io.github.bbortt.event.planner.apps.projects.service.PaginationUtils] on target object [io.github.bbortt.event.planner.apps.projects.service.ProjectService@6bce313] or target class [class io.github.bbortt.event.planner.apps.projects.service.ProjectService] to value [paginationUtils]
19:39:24.417 [Test worker] DEBUG org.springframework.test.util.ReflectionTestUtils - Setting field 'paginationUtils' of type [class io.github.bbortt.event.planner.apps.projects.service.PaginationUtils] on target object [io.github.bbortt.event.planner.apps.projects.service.ProjectService@14efa279] or target class [class io.github.bbortt.event.planner.apps.projects.service.ProjectService] to value [paginationUtils]
]]></system-out>
  <system-err><![CDATA[]]></system-err>
</testsuite>
